# JRE version: Java(TM) SE Runtime Environment (18.0.1.1+2) (build 18.0.1.1+2-6)
# Java VM: Java HotSpot(TM) 64-Bit Server VM (18.0.1.1+2-6, mixed mode, sharing, tiered, compressed oops, compressed class ptrs, g1 gc, windows-amd64)
GC Precious Log:
 CardTable entry size: 512
 Card Set container configuration: InlinePtr #cards 4 size 8 Array Of Cards #cards 16 size 48 Howl #buckets 8 coarsen threshold 3686 Howl Bitmap #cards 512 size 80 coarsen threshold 460 Card regions per heap region 1 cards per card region 4096
 CPUs: 8 total, 8 available
 Memory: 16315M
 Large Page Support: Disabled
 NUMA Support: Disabled
 Compressed Oops: Enabled (Zero based)
 Heap Region Size: 2M
 Heap Min Capacity: 8M
 Heap Initial Capacity: 256M
 Heap Max Capacity: 4080M
 Pre-touch: Disabled
 Parallel Workers: 8
 Concurrent Workers: 2
 Concurrent Refinement Workers: 8
 Periodic GC: Disabled
Heap:
 garbage-first heap   total 65536K, used 40788K [0x0000000701000000, 0x0000000800000000)
  region size 2048K, 13 young (26624K), 1 survivors (2048K)
 Metaspace       used 48313K, committed 48832K, reserved 1114112K
  class space    used 6469K, committed 6720K, reserved 1048576K
GC Heap History (18 events):
Event: 0.462 GC heap before
{Heap before GC invocations=0 (full 0):
 garbage-first heap   total 262144K, used 22528K [0x0000000701000000, 0x0000000800000000)
  region size 2048K, 11 young (22528K), 0 survivors (0K)
 Metaspace       used 6215K, committed 6464K, reserved 1114112K
  class space    used 713K, committed 832K, reserved 1048576K
}
Event: 0.466 GC heap after
{Heap after GC invocations=1 (full 0):
 garbage-first heap   total 262144K, used 7228K [0x0000000701000000, 0x0000000800000000)
  region size 2048K, 2 young (4096K), 2 survivors (4096K)
 Metaspace       used 6215K, committed 6464K, reserved 1114112K
  class space    used 713K, committed 832K, reserved 1048576K
}
Event: 0.763 GC heap before
{Heap before GC invocations=1 (full 0):
 garbage-first heap   total 262144K, used 31804K [0x0000000701000000, 0x0000000800000000)
  region size 2048K, 15 young (30720K), 2 survivors (4096K)
 Metaspace       used 12946K, committed 13120K, reserved 1114112K
  class space    used 1700K, committed 1792K, reserved 1048576K
}
Event: 0.766 GC heap after
{Heap after GC invocations=2 (full 0):
 garbage-first heap   total 262144K, used 9114K [0x0000000701000000, 0x0000000800000000)
  region size 2048K, 1 young (2048K), 1 survivors (2048K)
 Metaspace       used 12946K, committed 13120K, reserved 1114112K
  class space    used 1700K, committed 1792K, reserved 1048576K
}
Event: 1.325 GC heap before
{Heap before GC invocations=2 (full 0):
 garbage-first heap   total 262144K, used 52122K [0x0000000701000000, 0x0000000800000000)
  region size 2048K, 24 young (49152K), 1 survivors (2048K)
 Metaspace       used 21264K, committed 21504K, reserved 1114112K
  class space    used 2631K, committed 2752K, reserved 1048576K
}
Event: 1.330 GC heap after
{Heap after GC invocations=3 (full 0):
 garbage-first heap   total 262144K, used 13033K [0x0000000701000000, 0x0000000800000000)
  region size 2048K, 3 young (6144K), 3 survivors (6144K)
 Metaspace       used 21264K, committed 21504K, reserved 1114112K
  class space    used 2631K, committed 2752K, reserved 1048576K
}
Event: 2.241 GC heap before
{Heap before GC invocations=4 (full 0):
 garbage-first heap   total 55296K, used 53993K [0x0000000701000000, 0x0000000800000000)
  region size 2048K, 23 young (47104K), 3 survivors (6144K)
 Metaspace       used 29486K, committed 29952K, reserved 1114112K
  class space    used 3743K, committed 3968K, reserved 1048576K
}
Event: 2.249 GC heap after
{Heap after GC invocations=5 (full 0):
 garbage-first heap   total 65536K, used 17138K [0x0000000701000000, 0x0000000800000000)
  region size 2048K, 5 young (10240K), 5 survivors (10240K)
 Metaspace       used 29486K, committed 29952K, reserved 1114112K
  class space    used 3743K, committed 3968K, reserved 1048576K
}
Event: 2.280 GC heap before
{Heap before GC invocations=5 (full 0):
 garbage-first heap   total 65536K, used 19186K [0x0000000701000000, 0x0000000800000000)
  region size 2048K, 6 young (12288K), 5 survivors (10240K)
 Metaspace       used 29684K, committed 30208K, reserved 1114112K
  class space    used 3774K, committed 4032K, reserved 1048576K
}
Event: 2.286 GC heap after
{Heap after GC invocations=6 (full 0):
 garbage-first heap   total 65536K, used 18226K [0x0000000701000000, 0x0000000800000000)
  region size 2048K, 1 young (2048K), 1 survivors (2048K)
 Metaspace       used 29684K, committed 30208K, reserved 1114112K
  class space    used 3774K, committed 4032K, reserved 1048576K
}
Event: 2.781 GC heap before
{Heap before GC invocations=6 (full 0):
 garbage-first heap   total 65536K, used 40754K [0x0000000701000000, 0x0000000800000000)
  region size 2048K, 12 young (24576K), 1 survivors (2048K)
 Metaspace       used 34994K, committed 35520K, reserved 1114112K
  class space    used 4572K, committed 4800K, reserved 1048576K
}
Event: 2.784 GC heap after
{Heap after GC invocations=7 (full 0):
 garbage-first heap   total 65536K, used 18189K [0x0000000701000000, 0x0000000800000000)
  region size 2048K, 1 young (2048K), 1 survivors (2048K)
 Metaspace       used 34994K, committed 35520K, reserved 1114112K
  class space    used 4572K, committed 4800K, reserved 1048576K
}
Event: 2.851 GC heap before
{Heap before GC invocations=7 (full 0):
 garbage-first heap   total 65536K, used 18189K [0x0000000701000000, 0x0000000800000000)
  region size 2048K, 2 young (4096K), 1 survivors (2048K)
 Metaspace       used 35646K, committed 36096K, reserved 1114112K
  class space    used 4638K, committed 4864K, reserved 1048576K
}
Event: 2.853 GC heap after
{Heap after GC invocations=8 (full 0):
 garbage-first heap   total 65536K, used 18205K [0x0000000701000000, 0x0000000800000000)
  region size 2048K, 1 young (2048K), 1 survivors (2048K)
 Metaspace       used 35646K, committed 36096K, reserved 1114112K
  class space    used 4638K, committed 4864K, reserved 1048576K
}
Event: 3.611 GC heap before
{Heap before GC invocations=9 (full 0):
 garbage-first heap   total 65536K, used 44829K [0x0000000701000000, 0x0000000800000000)
  region size 2048K, 14 young (28672K), 1 survivors (2048K)
 Metaspace       used 42446K, committed 42944K, reserved 1114112K
  class space    used 5524K, committed 5760K, reserved 1048576K
}
Event: 3.614 GC heap after
{Heap after GC invocations=10 (full 0):
 garbage-first heap   total 65536K, used 20272K [0x0000000701000000, 0x0000000800000000)
  region size 2048K, 2 young (4096K), 2 survivors (4096K)
 Metaspace       used 42446K, committed 42944K, reserved 1114112K
  class space    used 5524K, committed 5760K, reserved 1048576K
}
Event: 3.647 GC heap before
{Heap before GC invocations=10 (full 0):
 garbage-first heap   total 65536K, used 22320K [0x0000000701000000, 0x0000000800000000)
  region size 2048K, 3 young (6144K), 2 survivors (4096K)
 Metaspace       used 42676K, committed 43136K, reserved 1114112K
  class space    used 5547K, committed 5760K, reserved 1048576K
}
Event: 3.655 GC heap after
{Heap after GC invocations=11 (full 0):
 garbage-first heap   total 65536K, used 20308K [0x0000000701000000, 0x0000000800000000)
  region size 2048K, 1 young (2048K), 1 survivors (2048K)
 Metaspace       used 42676K, committed 43136K, reserved 1114112K
  class space    used 5547K, committed 5760K, reserved 1048576K
}

